<?xml version="1.0" encoding="UTF-8"?>
<!-- Generated by org.testng.reporters.JUnitXMLReporter -->
<testsuite hostname="A6ZPH5CD9092254" ignored="0" name="Pixel_2" tests="15" failures="4" timestamp="23 dic 2020 22:21:03 GMT" time="359.954" errors="0">
  <testcase name="pos001_ConsultarDetalleConsumosdatos" time="76.264" classname="test.postpago.postpagoTests.AdministraTusProductosPosTests"/>
  <testcase name="pos002_ConsultarPagaTuFactura" time="12.794" classname="test.postpago.postpagoTests.AdministraTusProductosPosTests"/>
  <testcase name="pos003_ConsultarDetallePlan" time="9.756" classname="test.postpago.postpagoTests.AdministraTusProductosPosTests"/>
  <testcase name="pos004_ConsultarRecargasYPaquetes" time="16.387" classname="test.postpago.postpagoTests.AdministraTusProductosPosTests"/>
  <testcase name="pos005_RoamingInternacional" time="14.178" classname="test.postpago.postpagoTests.AdministraTusProductosPosTests"/>
  <testcase name="pos006_SimuladorDeFinanciamiento" time="17.336" classname="test.postpago.postpagoTests.AdministraTusProductosPosTests"/>
  <testcase name="pos007_MisEquiposFinanciados" time="14.679" classname="test.postpago.postpagoTests.AdministraTusProductosPosTests"/>
  <testcase name="pos008_CambiaTuNumero" time="15.487" classname="test.postpago.postpagoTests.AdministraTusProductosPosTests"/>
  <testcase name="pos009_AdquiereLineaNuevaPos" time="22.326" classname="test.postpago.postpagoTests.AdministraTusProductosPosTests"/>
  <testcase name="pos010_TiendaClaroPos" time="18.918" classname="test.postpago.postpagoTests.AdministraTusProductosPosTests"/>
  <testcase name="pos011_AdelantaSaldo" time="18.226" classname="test.postpago.postpagoTests.AdministraTusProductosPosTests"/>
  <testcase name="pos012_PortabilidadPostpago" time="42.255" classname="test.postpago.postpagoTests.AdministraTusProductosPosTests">
    <failure type="org.openqa.selenium.NoSuchElementException" message="Can&amp;apos;t locate an element by this strategy: By.chained({By.xpath: //android.view.View[@content-desc=&amp;apos;tienda.claro.com&amp;apos;]})">
      <![CDATA[org.openqa.selenium.NoSuchElementException: Can't locate an element by this strategy: By.chained({By.xpath: //android.view.View[@content-desc='tienda.claro.com']})
at io.appium.java_client.pagefactory.AppiumElementLocator.findElement(AppiumElementLocator.java:126)
at io.appium.java_client.pagefactory.interceptors.InterceptorOfASingleElement.intercept(InterceptorOfASingleElement.java:59)
at io.appium.java_client.android.AndroidElement$$EnhancerByCGLIB$$b598166c.getText(<generated>)
at utils.TestUtils.getElement(TestUtils.java:111)
at test.postpago.postpagoPages.AdministraTusProductosPosPage.checkPortabilidadPostpago(AdministraTusProductosPosPage.java:325)
at test.postpago.postpagoTests.AdministraTusProductosPosTests.pos012_PortabilidadPostpago(AdministraTusProductosPosTests.java:106)
at java.util.concurrent.FutureTask.run(FutureTask.java:266)
at java.util.concurrent.ThreadPoolExecutor.runWorker(ThreadPoolExecutor.java:1149)
at java.util.concurrent.ThreadPoolExecutor$Worker.run(ThreadPoolExecutor.java:624)
at java.lang.Thread.run(Thread.java:748)
Caused by: org.openqa.selenium.TimeoutException: Expected condition failed: waiting for io.appium.java_client.pagefactory.AppiumElementLocator$WaitingFunction@36ac73cc (tried for 1 second(s) with 500 milliseconds interval)
at org.openqa.selenium.support.ui.FluentWait.timeoutException(FluentWait.java:304)
at org.openqa.selenium.support.ui.FluentWait.until(FluentWait.java:272)
at io.appium.java_client.pagefactory.AppiumElementLocator.waitFor(AppiumElementLocator.java:99)
at io.appium.java_client.pagefactory.AppiumElementLocator.findElement(AppiumElementLocator.java:119)
... 25 more
Caused by: org.openqa.selenium.NoSuchElementException: Cannot locate an element using By.chained({By.xpath: //android.view.View[@content-desc='tienda.claro.com']})
For documentation on this error, please visit: https://www.seleniumhq.org/exceptions/no_such_element.html
Build info: version: '3.141.59', revision: 'e82be7d358', time: '2018-11-14T08:17:03'
System info: host: 'A6ZPH5CD9092254', ip: '192.168.187.2', os.name: 'Windows 10', os.arch: 'amd64', os.version: '10.0', java.version: '1.8.0_241'
Driver info: driver.version: AndroidDriver
at io.appium.java_client.pagefactory.bys.builder.ByChained.findElement(ByChained.java:74)
at org.openqa.selenium.remote.RemoteWebDriver.findElement(RemoteWebDriver.java:315)
at io.appium.java_client.DefaultGenericMobileDriver.findElement(DefaultGenericMobileDriver.java:58)
at io.appium.java_client.AppiumDriver.findElement(AppiumDriver.java:1)
at io.appium.java_client.android.AndroidDriver.findElement(AndroidDriver.java:1)
at io.appium.java_client.pagefactory.bys.ContentMappedBy.findElement(ContentMappedBy.java:50)
at org.openqa.selenium.remote.RemoteWebDriver.findElement(RemoteWebDriver.java:315)
at io.appium.java_client.DefaultGenericMobileDriver.findElement(DefaultGenericMobileDriver.java:58)
at io.appium.java_client.AppiumDriver.findElement(AppiumDriver.java:1)
at io.appium.java_client.android.AndroidDriver.findElement(AndroidDriver.java:1)
at io.appium.java_client.pagefactory.AppiumElementLocator.lambda$0(AppiumElementLocator.java:120)
at io.appium.java_client.pagefactory.AppiumElementLocator$WaitingFunction.apply(AppiumElementLocator.java:172)
at io.appium.java_client.pagefactory.AppiumElementLocator$WaitingFunction.apply(AppiumElementLocator.java:1)
at org.openqa.selenium.support.ui.FluentWait.until(FluentWait.java:249)
... 27 more
... Removed 16 stack frames]]>
    </failure>
  </testcase> <!-- pos012_PortabilidadPostpago -->
  <testcase name="pos013_DesasociarCuentaPos" time="43.382" classname="test.postpago.postpagoTests.AdministraTusProductosPosTests">
    <failure type="org.openqa.selenium.NoSuchElementException" message="Can&amp;apos;t locate an element by this strategy: By.chained({By.id: com.clarocolombia.miclaro:id/tvCuenta})">
      <![CDATA[org.openqa.selenium.NoSuchElementException: Can't locate an element by this strategy: By.chained({By.id: com.clarocolombia.miclaro:id/tvCuenta})
at io.appium.java_client.pagefactory.AppiumElementLocator.findElement(AppiumElementLocator.java:126)
at io.appium.java_client.pagefactory.interceptors.InterceptorOfASingleElement.intercept(InterceptorOfASingleElement.java:59)
at io.appium.java_client.android.AndroidElement$$EnhancerByCGLIB$$b598166c.getText(<generated>)
at test.postpago.postpagoPages.AdministraTusProductosPosPage.getTxtLineaPosDesasociar(AdministraTusProductosPosPage.java:265)
at test.postpago.postpagoTests.AdministraTusProductosPosTests.pos013_DesasociarCuentaPos(AdministraTusProductosPosTests.java:113)
at java.util.concurrent.FutureTask.run(FutureTask.java:266)
at java.util.concurrent.ThreadPoolExecutor.runWorker(ThreadPoolExecutor.java:1149)
at java.util.concurrent.ThreadPoolExecutor$Worker.run(ThreadPoolExecutor.java:624)
at java.lang.Thread.run(Thread.java:748)
Caused by: org.openqa.selenium.TimeoutException: Expected condition failed: waiting for io.appium.java_client.pagefactory.AppiumElementLocator$WaitingFunction@45decfbb (tried for 1 second(s) with 500 milliseconds interval)
at org.openqa.selenium.support.ui.FluentWait.timeoutException(FluentWait.java:304)
at org.openqa.selenium.support.ui.FluentWait.until(FluentWait.java:272)
at io.appium.java_client.pagefactory.AppiumElementLocator.waitFor(AppiumElementLocator.java:99)
at io.appium.java_client.pagefactory.AppiumElementLocator.findElement(AppiumElementLocator.java:119)
... 24 more
Caused by: org.openqa.selenium.NoSuchElementException: Cannot locate an element using By.chained({By.id: com.clarocolombia.miclaro:id/tvCuenta})
For documentation on this error, please visit: https://www.seleniumhq.org/exceptions/no_such_element.html
Build info: version: '3.141.59', revision: 'e82be7d358', time: '2018-11-14T08:17:03'
System info: host: 'A6ZPH5CD9092254', ip: '192.168.187.2', os.name: 'Windows 10', os.arch: 'amd64', os.version: '10.0', java.version: '1.8.0_241'
Driver info: driver.version: AndroidDriver
at io.appium.java_client.pagefactory.bys.builder.ByChained.findElement(ByChained.java:74)
at org.openqa.selenium.remote.RemoteWebDriver.findElement(RemoteWebDriver.java:315)
at io.appium.java_client.DefaultGenericMobileDriver.findElement(DefaultGenericMobileDriver.java:58)
at io.appium.java_client.AppiumDriver.findElement(AppiumDriver.java:1)
at io.appium.java_client.android.AndroidDriver.findElement(AndroidDriver.java:1)
at io.appium.java_client.pagefactory.bys.ContentMappedBy.findElement(ContentMappedBy.java:50)
at org.openqa.selenium.remote.RemoteWebDriver.findElement(RemoteWebDriver.java:315)
at io.appium.java_client.DefaultGenericMobileDriver.findElement(DefaultGenericMobileDriver.java:58)
at io.appium.java_client.AppiumDriver.findElement(AppiumDriver.java:1)
at io.appium.java_client.android.AndroidDriver.findElement(AndroidDriver.java:1)
at io.appium.java_client.pagefactory.AppiumElementLocator.lambda$0(AppiumElementLocator.java:120)
at io.appium.java_client.pagefactory.AppiumElementLocator$WaitingFunction.apply(AppiumElementLocator.java:172)
at io.appium.java_client.pagefactory.AppiumElementLocator$WaitingFunction.apply(AppiumElementLocator.java:1)
at org.openqa.selenium.support.ui.FluentWait.until(FluentWait.java:249)
... 26 more
... Removed 16 stack frames]]>
    </failure>
  </testcase> <!-- pos013_DesasociarCuentaPos -->
  <testcase name="pos012_ClaroBot" time="2.049" classname="test.postpago.postpagoTests.AtencionAlClienteYSoportePosTests">
    <failure type="org.openqa.selenium.WebDriverException" message="Connection refused: connect
Build info: version: &amp;apos;3.141.59&amp;apos;, revision: &amp;apos;e82be7d358&amp;apos;, time: &amp;apos;2018-11-14T08:17:03&amp;apos;
System info: host: &amp;apos;A6ZPH5CD9092254&amp;apos;, ip: &amp;apos;192.168.187.2&amp;apos;, os.name: &amp;apos;Windows 10&amp;apos;, os.arch: &amp;apos;amd64&amp;apos;, os.version: &amp;apos;10.0&amp;apos;, java.version: &amp;apos;1.8.0_241&amp;apos;
Driver info: driver.version: AndroidDriver">
      <![CDATA[org.openqa.selenium.WebDriverException: Connection refused: connect
Build info: version: '3.141.59', revision: 'e82be7d358', time: '2018-11-14T08:17:03'
System info: host: 'A6ZPH5CD9092254', ip: '192.168.187.2', os.name: 'Windows 10', os.arch: 'amd64', os.version: '10.0', java.version: '1.8.0_241'
Driver info: driver.version: AndroidDriver
at io.appium.java_client.remote.AppiumCommandExecutor.lambda$5(AppiumCommandExecutor.java:251)
at java.util.Optional.orElseGet(Optional.java:267)
at io.appium.java_client.remote.AppiumCommandExecutor.execute(AppiumCommandExecutor.java:250)
at org.openqa.selenium.remote.RemoteWebDriver.execute(RemoteWebDriver.java:552)
at io.appium.java_client.DefaultGenericMobileDriver.execute(DefaultGenericMobileDriver.java:42)
at io.appium.java_client.AppiumDriver.execute(AppiumDriver.java:1)
at io.appium.java_client.android.AndroidDriver.execute(AndroidDriver.java:1)
at org.openqa.selenium.remote.RemoteWebDriver.startSession(RemoteWebDriver.java:213)
at org.openqa.selenium.remote.RemoteWebDriver.<init>(RemoteWebDriver.java:131)
at io.appium.java_client.DefaultGenericMobileDriver.<init>(DefaultGenericMobileDriver.java:38)
at io.appium.java_client.AppiumDriver.<init>(AppiumDriver.java:84)
at io.appium.java_client.AppiumDriver.<init>(AppiumDriver.java:94)
at io.appium.java_client.android.AndroidDriver.<init>(AndroidDriver.java:95)
at main.BasePage.getDriver(BasePage.java:57)
at test.postpago.postpagoTests.AtencionAlClienteYSoportePosTests.pos012_ClaroBot(AtencionAlClienteYSoportePosTests.java:19)
at java.util.concurrent.FutureTask.run(FutureTask.java:266)
at java.util.concurrent.ThreadPoolExecutor.runWorker(ThreadPoolExecutor.java:1149)
at java.util.concurrent.ThreadPoolExecutor$Worker.run(ThreadPoolExecutor.java:624)
at java.lang.Thread.run(Thread.java:748)
Caused by: java.net.ConnectException: Connection refused: connect
at java.net.DualStackPlainSocketImpl.waitForConnect(Native Method)
at java.net.DualStackPlainSocketImpl.socketConnect(DualStackPlainSocketImpl.java:85)
at java.net.AbstractPlainSocketImpl.doConnect(AbstractPlainSocketImpl.java:350)
at java.net.AbstractPlainSocketImpl.connectToAddress(AbstractPlainSocketImpl.java:206)
at java.net.AbstractPlainSocketImpl.connect(AbstractPlainSocketImpl.java:188)
at java.net.PlainSocketImpl.connect(PlainSocketImpl.java:172)
at java.net.SocksSocketImpl.connect(SocksSocketImpl.java:392)
at java.net.Socket.connect(Socket.java:606)
at okhttp3.internal.platform.Platform.connectSocket(Platform.java:129)
at okhttp3.internal.connection.RealConnection.connectSocket(RealConnection.java:245)
at okhttp3.internal.connection.RealConnection.connect(RealConnection.java:165)
at okhttp3.internal.connection.StreamAllocation.findConnection(StreamAllocation.java:257)
at okhttp3.internal.connection.StreamAllocation.findHealthyConnection(StreamAllocation.java:135)
at okhttp3.internal.connection.StreamAllocation.newStream(StreamAllocation.java:114)
at okhttp3.internal.connection.ConnectInterceptor.intercept(ConnectInterceptor.java:42)
at okhttp3.internal.http.RealInterceptorChain.proceed(RealInterceptorChain.java:147)
at okhttp3.internal.http.RealInterceptorChain.proceed(RealInterceptorChain.java:121)
at okhttp3.internal.cache.CacheInterceptor.intercept(CacheInterceptor.java:93)
at okhttp3.internal.http.RealInterceptorChain.proceed(RealInterceptorChain.java:147)
at okhttp3.internal.http.RealInterceptorChain.proceed(RealInterceptorChain.java:121)
at okhttp3.internal.http.BridgeInterceptor.intercept(BridgeInterceptor.java:93)
at okhttp3.internal.http.RealInterceptorChain.proceed(RealInterceptorChain.java:147)
at okhttp3.internal.http.RetryAndFollowUpInterceptor.intercept(RetryAndFollowUpInterceptor.java:126)
at okhttp3.internal.http.RealInterceptorChain.proceed(RealInterceptorChain.java:147)
at okhttp3.internal.http.RealInterceptorChain.proceed(RealInterceptorChain.java:121)
at okhttp3.RealCall.getResponseWithInterceptorChain(RealCall.java:200)
at okhttp3.RealCall.execute(RealCall.java:77)
at org.openqa.selenium.remote.internal.OkHttpClient.execute(OkHttpClient.java:103)
at org.openqa.selenium.remote.ProtocolHandshake.createSession(ProtocolHandshake.java:105)
at io.appium.java_client.remote.AppiumCommandExecutor$1.createSession(AppiumCommandExecutor.java:186)
at io.appium.java_client.remote.AppiumCommandExecutor.createSession(AppiumCommandExecutor.java:217)
at io.appium.java_client.remote.AppiumCommandExecutor.execute(AppiumCommandExecutor.java:239)
... 32 more
... Removed 20 stack frames]]>
    </failure>
  </testcase> <!-- pos012_ClaroBot -->
  <testcase name="pos012_ClaroBot" time="2.056" classname="test.postpago.postpagoTests.AtencionAlClienteYSoportePosTests">
    <failure type="java.lang.NullPointerException">
      <![CDATA[java.lang.NullPointerException
at listeners.TestListener.captureScreenShot(TestListener.java:85)
at listeners.TestListener.onTestFailure(TestListener.java:35)
at java.util.concurrent.FutureTask.run(FutureTask.java:266)
at java.util.concurrent.ThreadPoolExecutor.runWorker(ThreadPoolExecutor.java:1149)
at java.util.concurrent.ThreadPoolExecutor$Worker.run(ThreadPoolExecutor.java:624)
at java.lang.Thread.run(Thread.java:748)
... Removed 13 stack frames]]>
    </failure>
  </testcase> <!-- pos012_ClaroBot -->
</testsuite> <!-- Pixel_2 -->
